2021-12-14 07:28:58 DEBUG Student Diego Alegre 33241378 SEVENTH MATHS
2021-12-14 07:28:58 DEBUG Student Nicolas Costurie 45794147 SIXTH MUSIC
2021-12-14 07:28:58 DEBUG Student Romina Alegre 30187946 FIFTH GEOGRAPHY
2021-12-14 07:28:58 DEBUG Student Camila Kusnier 39487124 FOURTH ARTS
2021-12-14 07:28:58 DEBUG Student Rosenda Yedro 6137173 FIRST HISTORY
2021-12-14 07:28:58 DEBUG Teacher Juan Perez 20154798 POSTGRADUATE
2021-12-14 07:28:58 DEBUG Teacher Pedro Ramirez 18546319 ACADEMIC
2021-12-14 07:28:58 DEBUG Teacher Rodrigo Malo 25840323 HIGH_SCHOOL
2021-12-14 07:28:58 DEBUG Assistant Juana Molina 15784987 MIDDLE_SCHOOL
2021-12-14 07:28:58 DEBUG Assistant Rosa Rodriguez 92784555 WITHOUT_EDUCATION
2021-12-14 07:28:58 DEBUG Assistant Manuela Gonzalez 19785143 ELEMENTARY_SCHOOL
2021-12-14 07:28:58 INFO  Diego Alegre
2021-12-14 07:28:58 INFO  Nicolas Costurie
2021-12-14 07:28:58 INFO  Romina Alegre
2021-12-14 07:28:58 INFO  Juan Perez
2021-12-14 07:28:58 INFO  Pedro Ramirez
2021-12-14 07:28:58 INFO  Rodrigo Malo
2021-12-14 07:28:58 INFO  Juana Molina
2021-12-14 07:28:58 INFO  Rosa Rodriguez
2021-12-14 07:28:58 INFO  Manuela Gonzalez
2021-12-14 07:28:58 INFO  Teacher Juan Perez is present
2021-12-14 07:28:58 INFO  Teacher Rodrigo Malo is present
2021-12-14 07:28:58 INFO  Teacher Pedro Ramirez is not present
2021-12-14 07:28:58 INFO  Assistant Juana Molina is not present
2021-12-14 07:28:58 INFO  Whiteboard1 is broken
2021-12-14 07:28:58 INFO  Desk2 is broken
2021-12-14 07:28:58 WARN  Rosenda Yedro
2021-12-14 07:28:58 ERROR File not found: nothing.txt
